<?xml version="1.0" encoding="UTF-8"?>
<testsuite name="gcukakao.jenkins.calculator.CalculatorApplicationTests" tests="1" skipped="0" failures="0" errors="0" timestamp="2022-10-20T03:03:24" hostname="Hyeonseoui-MacBookPro.local" time="0.284">
  <properties/>
  <testcase name="contextLoads()" classname="gcukakao.jenkins.calculator.CalculatorApplicationTests" time="0.284"/>
  <system-out><![CDATA[12:03:23.629 [Test worker] DEBUG org.springframework.test.context.BootstrapUtils - Instantiating CacheAwareContextLoaderDelegate from class [org.springframework.test.context.cache.DefaultCacheAwareContextLoaderDelegate]
12:03:23.637 [Test worker] DEBUG org.springframework.test.context.BootstrapUtils - Instantiating BootstrapContext using constructor [public org.springframework.test.context.support.DefaultBootstrapContext(java.lang.Class,org.springframework.test.context.CacheAwareContextLoaderDelegate)]
12:03:23.660 [Test worker] DEBUG org.springframework.test.context.BootstrapUtils - Instantiating TestContextBootstrapper for test class [gcukakao.jenkins.calculator.CalculatorApplicationTests] from class [org.springframework.boot.test.context.SpringBootTestContextBootstrapper]
12:03:23.668 [Test worker] INFO org.springframework.boot.test.context.SpringBootTestContextBootstrapper - Neither @ContextConfiguration nor @ContextHierarchy found for test class [gcukakao.jenkins.calculator.CalculatorApplicationTests], using SpringBootContextLoader
12:03:23.672 [Test worker] DEBUG org.springframework.test.context.support.AbstractContextLoader - Did not detect default resource location for test class [gcukakao.jenkins.calculator.CalculatorApplicationTests]: class path resource [gcukakao/jenkins/calculator/CalculatorApplicationTests-context.xml] does not exist
12:03:23.672 [Test worker] DEBUG org.springframework.test.context.support.AbstractContextLoader - Did not detect default resource location for test class [gcukakao.jenkins.calculator.CalculatorApplicationTests]: class path resource [gcukakao/jenkins/calculator/CalculatorApplicationTestsContext.groovy] does not exist
12:03:23.672 [Test worker] INFO org.springframework.test.context.support.AbstractContextLoader - Could not detect default resource locations for test class [gcukakao.jenkins.calculator.CalculatorApplicationTests]: no resource found for suffixes {-context.xml, Context.groovy}.
12:03:23.673 [Test worker] INFO org.springframework.test.context.support.AnnotationConfigContextLoaderUtils - Could not detect default configuration classes for test class [gcukakao.jenkins.calculator.CalculatorApplicationTests]: CalculatorApplicationTests does not declare any static, non-private, non-final, nested classes annotated with @Configuration.
12:03:23.707 [Test worker] DEBUG org.springframework.test.context.support.ActiveProfilesUtils - Could not find an 'annotation declaring class' for annotation type [org.springframework.test.context.ActiveProfiles] and class [gcukakao.jenkins.calculator.CalculatorApplicationTests]
12:03:23.744 [Test worker] DEBUG org.springframework.context.annotation.ClassPathScanningCandidateComponentProvider - Identified candidate component class: file [/Users/hs/kakao-sw/chatbot/spring/calculator/build/classes/java/main/gcukakao/jenkins/calculator/CalculatorApplication.class]
12:03:23.749 [Test worker] INFO org.springframework.boot.test.context.SpringBootTestContextBootstrapper - Found @SpringBootConfiguration gcukakao.jenkins.calculator.CalculatorApplication for test class gcukakao.jenkins.calculator.CalculatorApplicationTests
12:03:23.805 [Test worker] DEBUG org.springframework.boot.test.context.SpringBootTestContextBootstrapper - @TestExecutionListeners is not present for class [gcukakao.jenkins.calculator.CalculatorApplicationTests]: using defaults.
12:03:23.805 [Test worker] INFO org.springframework.boot.test.context.SpringBootTestContextBootstrapper - Loaded default TestExecutionListener class names from location [META-INF/spring.factories]: [org.springframework.boot.test.autoconfigure.restdocs.RestDocsTestExecutionListener, org.springframework.boot.test.autoconfigure.web.client.MockRestServiceServerResetTestExecutionListener, org.springframework.boot.test.autoconfigure.web.servlet.MockMvcPrintOnlyOnFailureTestExecutionListener, org.springframework.boot.test.autoconfigure.web.servlet.WebDriverTestExecutionListener, org.springframework.boot.test.autoconfigure.webservices.client.MockWebServiceServerTestExecutionListener, org.springframework.boot.test.mock.mockito.MockitoTestExecutionListener, org.springframework.boot.test.mock.mockito.ResetMocksTestExecutionListener, org.springframework.test.context.web.ServletTestExecutionListener, org.springframework.test.context.support.DirtiesContextBeforeModesTestExecutionListener, org.springframework.test.context.event.ApplicationEventsTestExecutionListener, org.springframework.test.context.support.DependencyInjectionTestExecutionListener, org.springframework.test.context.support.DirtiesContextTestExecutionListener, org.springframework.test.context.transaction.TransactionalTestExecutionListener, org.springframework.test.context.jdbc.SqlScriptsTestExecutionListener, org.springframework.test.context.event.EventPublishingTestExecutionListener]
12:03:23.814 [Test worker] DEBUG org.springframework.boot.test.context.SpringBootTestContextBootstrapper - Skipping candidate TestExecutionListener [org.springframework.test.context.transaction.TransactionalTestExecutionListener] due to a missing dependency. Specify custom listener classes or make the default listener classes and their required dependencies available. Offending class: [org/springframework/transaction/interceptor/TransactionAttributeSource]
12:03:23.814 [Test worker] DEBUG org.springframework.boot.test.context.SpringBootTestContextBootstrapper - Skipping candidate TestExecutionListener [org.springframework.test.context.jdbc.SqlScriptsTestExecutionListener] due to a missing dependency. Specify custom listener classes or make the default listener classes and their required dependencies available. Offending class: [org/springframework/transaction/interceptor/TransactionAttribute]
12:03:23.815 [Test worker] INFO org.springframework.boot.test.context.SpringBootTestContextBootstrapper - Using TestExecutionListeners: [org.springframework.test.context.web.ServletTestExecutionListener@62f4ff3b, org.springframework.test.context.support.DirtiesContextBeforeModesTestExecutionListener@1698fc68, org.springframework.test.context.event.ApplicationEventsTestExecutionListener@4504d271, org.springframework.boot.test.mock.mockito.MockitoTestExecutionListener@207b8649, org.springframework.boot.test.autoconfigure.SpringBootDependencyInjectionTestExecutionListener@65b3a85a, org.springframework.test.context.support.DirtiesContextTestExecutionListener@34997338, org.springframework.test.context.event.EventPublishingTestExecutionListener@57eda880, org.springframework.boot.test.autoconfigure.restdocs.RestDocsTestExecutionListener@2b5825fa, org.springframework.boot.test.autoconfigure.web.client.MockRestServiceServerResetTestExecutionListener@53d1b9b3, org.springframework.boot.test.autoconfigure.web.servlet.MockMvcPrintOnlyOnFailureTestExecutionListener@2cae1042, org.springframework.boot.test.autoconfigure.web.servlet.WebDriverTestExecutionListener@163d04ff, org.springframework.boot.test.autoconfigure.webservices.client.MockWebServiceServerTestExecutionListener@7c209437, org.springframework.boot.test.mock.mockito.ResetMocksTestExecutionListener@2262b621]
12:03:23.817 [Test worker] DEBUG org.springframework.test.context.support.AbstractDirtiesContextTestExecutionListener - Before test class: context [DefaultTestContext@792bbc74 testClass = CalculatorApplicationTests, testInstance = [null], testMethod = [null], testException = [null], mergedContextConfiguration = [WebMergedContextConfiguration@79145d5a testClass = CalculatorApplicationTests, locations = '{}', classes = '{class gcukakao.jenkins.calculator.CalculatorApplication}', contextInitializerClasses = '[]', activeProfiles = '{}', propertySourceLocations = '{}', propertySourceProperties = '{org.springframework.boot.test.context.SpringBootTestContextBootstrapper=true}', contextCustomizers = set[org.springframework.boot.test.autoconfigure.actuate.metrics.MetricsExportContextCustomizerFactory$DisableMetricExportContextCustomizer@3b8f0a79, org.springframework.boot.test.autoconfigure.properties.PropertyMappingContextCustomizer@0, org.springframework.boot.test.autoconfigure.web.servlet.WebDriverContextCustomizerFactory$Customizer@609db546, org.springframework.boot.test.context.filter.ExcludeFilterContextCustomizer@341814d3, org.springframework.boot.test.json.DuplicateJsonObjectContextCustomizerFactory$DuplicateJsonObjectContextCustomizer@1bd39d3c, org.springframework.boot.test.mock.mockito.MockitoContextCustomizer@0, org.springframework.boot.test.web.client.TestRestTemplateContextCustomizer@1838ccb8, org.springframework.boot.test.context.SpringBootTestArgs@1, org.springframework.boot.test.context.SpringBootTestWebEnvironment@7770f470], resourceBasePath = 'src/main/webapp', contextLoader = 'org.springframework.boot.test.context.SpringBootContextLoader', parent = [null]], attributes = map['org.springframework.test.context.web.ServletTestExecutionListener.activateListener' -> true]], class annotated with @DirtiesContext [false] with mode [null].
12:03:23.846 [Test worker] DEBUG org.springframework.boot.ApplicationServletEnvironment - Activating profiles []
12:03:23.846 [Test worker] DEBUG org.springframework.test.context.support.TestPropertySourceUtils - Adding inlined properties to environment: {spring.jmx.enabled=false, org.springframework.boot.test.context.SpringBootTestContextBootstrapper=true}

  .   ____          _            __ _ _
 /\\ / ___'_ __ _ _(_)_ __  __ _ \ \ \ \
( ( )\___ | '_ | '_| | '_ \/ _` | \ \ \ \
 \\/  ___)| |_)| | | | | || (_| |  ) ) ) )
  '  |____| .__|_| |_|_| |_\__, | / / / /
 =========|_|==============|___/=/_/_/_/
 :: Spring Boot ::                (v2.6.1)

2022-10-20 12:03:23.998  INFO 3713 --- [    Test worker] g.j.c.CalculatorApplicationTests         : Starting CalculatorApplicationTests using Java 18.0.1 on Hyeonseoui-MacBookPro.local with PID 3713 (started by hs in /Users/hs/kakao-sw/chatbot/spring/calculator)
2022-10-20 12:03:23.999  INFO 3713 --- [    Test worker] g.j.c.CalculatorApplicationTests         : No active profile set, falling back to default profiles: default
2022-10-20 12:03:24.794  INFO 3713 --- [    Test worker] g.j.c.CalculatorApplicationTests         : Started CalculatorApplicationTests in 0.947 seconds (JVM running for 1.706)
]]></system-out>
  <system-err><![CDATA[]]></system-err>
</testsuite>
